mode: set
github.com/dominickbrasileiro/sonar-test/subtract.go:3.38,4.20 1 0
github.com/dominickbrasileiro/sonar-test/subtract.go:8.2,8.14 1 0
github.com/dominickbrasileiro/sonar-test/subtract.go:4.20,6.3 1 0
github.com/dominickbrasileiro/sonar-test/subtract.go:11.38,12.20 1 0
github.com/dominickbrasileiro/sonar-test/subtract.go:16.2,16.14 1 0
github.com/dominickbrasileiro/sonar-test/subtract.go:12.20,14.3 1 0
github.com/dominickbrasileiro/sonar-test/sum.go:3.33,4.20 1 1
github.com/dominickbrasileiro/sonar-test/sum.go:8.2,8.14 1 1
github.com/dominickbrasileiro/sonar-test/sum.go:4.20,6.3 1 1
github.com/dominickbrasileiro/sonar-test/sum.go:11.33,12.20 1 0
github.com/dominickbrasileiro/sonar-test/sum.go:16.2,16.14 1 0
github.com/dominickbrasileiro/sonar-test/sum.go:12.20,14.3 1 0
